  Application.cpp
C:\Program Files (x86)\Windows Kits\10\Include\10.0.17763.0\shared\minwindef.h(130,1): warning C4005:  'APIENTRY': macro redefinition
  Entry.h
C:\Users\Alex\Desktop\Neon\ThirdParty\Glad\Include\glad\glad.h(32): message :  see previous definition of 'APIENTRY'
C:\Program Files (x86)\Windows Kits\10\Include\10.0.17763.0\shared\minwindef.h(130,1): warning C4005:  'APIENTRY': macro redefinition
  Scene.cpp
  SceneManager.cpp
  SceneNode.cpp
C:\Users\Alex\Desktop\Neon\ThirdParty\Glad\Include\glad\glad.h(32): message :  see previous definition of 'APIENTRY'
C:\Program Files (x86)\Windows Kits\10\Include\10.0.17763.0\shared\minwindef.h(130,1): warning C4005:  'APIENTRY': macro redefinition
  SceneNodeRef.cpp
  SceneRef.cpp
C:\Users\Alex\Desktop\Neon\ThirdParty\Glad\Include\glad\glad.h(32): message :  see previous definition of 'APIENTRY'
Log.obj : warning LNK4006: "private: void __cdecl spdlog::details::registry::register_logger_(class std::shared_ptr<class spdlog::logger>)" (?register_logger_@registry@details@spdlog@@AEAAXV?$shared_ptr@Vlogger@spdlog@@@std@@@Z) already defined in spdlog.lib(spdlog.obj); second definition ignored
Log.obj : warning LNK4006: "private: void __cdecl spdlog::details::registry::throw_if_exists_(class std::basic_string<char,struct std::char_traits<char>,class std::allocator<char> > const &)" (?throw_if_exists_@registry@details@spdlog@@AEAAXAEBV?$basic_string@DU?$char_traits@D@std@@V?$allocator@D@2@@std@@@Z) already defined in spdlog.lib(spdlog.obj); second definition ignored
Log.obj : warning LNK4006: "public: static class spdlog::details::registry & __cdecl spdlog::details::registry::instance(void)" (?instance@registry@details@spdlog@@SAAEAV123@XZ) already defined in spdlog.lib(spdlog.obj); second definition ignored
Log.obj : warning LNK4006: "public: void __cdecl spdlog::details::registry::initialize_logger(class std::shared_ptr<class spdlog::logger>)" (?initialize_logger@registry@details@spdlog@@QEAAXV?$shared_ptr@Vlogger@spdlog@@@std@@@Z) already defined in spdlog.lib(spdlog.obj); second definition ignored
Log.obj : warning LNK4006: "private: __cdecl spdlog::details::registry::registry(void)" (??0registry@details@spdlog@@AEAA@XZ) already defined in spdlog.lib(spdlog.obj); second definition ignored
Log.obj : warning LNK4006: "protected: void __cdecl spdlog::logger::err_handler_(class std::basic_string<char,struct std::char_traits<char>,class std::allocator<char> > const &)" (?err_handler_@logger@spdlog@@IEAAXAEBV?$basic_string@DU?$char_traits@D@std@@V?$allocator@D@2@@std@@@Z) already defined in spdlog.lib(spdlog.obj); second definition ignored
Log.obj : warning LNK4006: "protected: bool __cdecl spdlog::logger::should_flush_(struct spdlog::details::log_msg const &)" (?should_flush_@logger@spdlog@@IEAA_NAEBUlog_msg@details@2@@Z) already defined in spdlog.lib(spdlog.obj); second definition ignored
Log.obj : warning LNK4006: "protected: virtual void __cdecl spdlog::logger::flush_(void)" (?flush_@logger@spdlog@@MEAAXXZ) already defined in spdlog.lib(spdlog.obj); second definition ignored
Log.obj : warning LNK4006: "protected: virtual void __cdecl spdlog::logger::sink_it_(struct spdlog::details::log_msg &)" (?sink_it_@logger@spdlog@@MEAAXAEAUlog_msg@details@2@@Z) already defined in spdlog.lib(spdlog.obj); second definition ignored
Log.obj : warning LNK4006: "public: virtual class std::shared_ptr<class spdlog::logger> __cdecl spdlog::logger::clone(class std::basic_string<char,struct std::char_traits<char>,class std::allocator<char> >)" (?clone@logger@spdlog@@UEAA?AV?$shared_ptr@Vlogger@spdlog@@@std@@V?$basic_string@DU?$char_traits@D@std@@V?$allocator@D@2@@4@@Z) already defined in spdlog.lib(spdlog.obj); second definition ignored
Log.obj : warning LNK4006: "public: void __cdecl spdlog::logger::set_error_handler(class std::function<void __cdecl(class std::basic_string<char,struct std::char_traits<char>,class std::allocator<char> > const &)>)" (?set_error_handler@logger@spdlog@@QEAAXV?$function@$$A6AXAEBV?$basic_string@DU?$char_traits@D@std@@V?$allocator@D@2@@std@@@Z@std@@@Z) already defined in spdlog.lib(spdlog.obj); second definition ignored
Log.obj : warning LNK4006: "public: void __cdecl spdlog::logger::flush_on(enum spdlog::level::level_enum)" (?flush_on@logger@spdlog@@QEAAXW4level_enum@level@2@@Z) already defined in spdlog.lib(spdlog.obj); second definition ignored
Log.obj : warning LNK4006: "public: void __cdecl spdlog::logger::set_pattern(class std::basic_string<char,struct std::char_traits<char>,class std::allocator<char> >,enum spdlog::pattern_time_type)" (?set_pattern@logger@spdlog@@QEAAXV?$basic_string@DU?$char_traits@D@std@@V?$allocator@D@2@@std@@W4pattern_time_type@2@@Z) already defined in spdlog.lib(spdlog.obj); second definition ignored
Log.obj : warning LNK4006: "public: void __cdecl spdlog::logger::set_formatter(class std::unique_ptr<class spdlog::formatter,struct std::default_delete<class spdlog::formatter> >)" (?set_formatter@logger@spdlog@@QEAAXV?$unique_ptr@Vformatter@spdlog@@U?$default_delete@Vformatter@spdlog@@@std@@@std@@@Z) already defined in spdlog.lib(spdlog.obj); second definition ignored
Log.obj : warning LNK4006: "public: class std::basic_string<char,struct std::char_traits<char>,class std::allocator<char> > const & __cdecl spdlog::logger::name(void)const " (?name@logger@spdlog@@QEBAAEBV?$basic_string@DU?$char_traits@D@std@@V?$allocator@D@2@@std@@XZ) already defined in spdlog.lib(spdlog.obj); second definition ignored
Log.obj : warning LNK4006: "public: static enum spdlog::level::level_enum __cdecl spdlog::logger::default_level(void)" (?default_level@logger@spdlog@@SA?AW4level_enum@level@2@XZ) already defined in spdlog.lib(spdlog.obj); second definition ignored
Log.obj : warning LNK4006: "public: void __cdecl spdlog::logger::set_level(enum spdlog::level::level_enum)" (?set_level@logger@spdlog@@QEAAXW4level_enum@level@2@@Z) already defined in spdlog.lib(spdlog.obj); second definition ignored
Log.obj : warning LNK4006: "public: bool __cdecl spdlog::logger::should_log(enum spdlog::level::level_enum)const " (?should_log@logger@spdlog@@QEBA_NW4level_enum@level@2@@Z) already defined in spdlog.lib(spdlog.obj); second definition ignored
Log.obj : warning LNK4006: "public: __cdecl spdlog::logger::logger(class spdlog::logger const &)" (??0logger@spdlog@@QEAA@AEBV01@@Z) already defined in spdlog.lib(spdlog.obj); second definition ignored
Log.obj : warning LNK4006: "private: void __cdecl spdlog::pattern_formatter::compile_pattern_(class std::basic_string<char,struct std::char_traits<char>,class std::allocator<char> > const &)" (?compile_pattern_@pattern_formatter@spdlog@@AEAAXAEBV?$basic_string@DU?$char_traits@D@std@@V?$allocator@D@2@@std@@@Z) already defined in spdlog.lib(spdlog.obj); second definition ignored
Log.obj : warning LNK4006: "private: struct spdlog::details::padding_info __cdecl spdlog::pattern_formatter::handle_padspec_(class std::_String_const_iterator<class std::_String_val<struct std::_Simple_types<char> > > &,class std::_String_const_iterator<class std::_String_val<struct std::_Simple_types<char> > >)" (?handle_padspec_@pattern_formatter@spdlog@@AEAA?AUpadding_info@details@2@AEAV?$_String_const_iterator@V?$_String_val@U?$_Simple_types@D@std@@@std@@@std@@V56@@Z) already defined in spdlog.lib(spdlog.obj); second definition ignored
Log.obj : warning LNK4006: "private: void __cdecl spdlog::pattern_formatter::handle_flag_(char,struct spdlog::details::padding_info)" (?handle_flag_@pattern_formatter@spdlog@@AEAAXDUpadding_info@details@2@@Z) already defined in spdlog.lib(spdlog.obj); second definition ignored
Log.obj : warning LNK4006: "private: struct tm __cdecl spdlog::pattern_formatter::get_time_(struct spdlog::details::log_msg const &)" (?get_time_@pattern_formatter@spdlog@@AEAA?AUtm@@AEBUlog_msg@details@2@@Z) already defined in spdlog.lib(spdlog.obj); second definition ignored
Log.obj : warning LNK4006: "public: virtual void __cdecl spdlog::pattern_formatter::format(struct spdlog::details::log_msg const &,class fmt::v5::basic_memory_buffer<char,500,class std::allocator<char> > &)" (?format@pattern_formatter@spdlog@@UEAAXAEBUlog_msg@details@2@AEAV?$basic_memory_buffer@D$0BPE@V?$allocator@D@std@@@v5@fmt@@@Z) already defined in spdlog.lib(spdlog.obj); second definition ignored
Log.obj : warning LNK4006: "public: virtual class std::unique_ptr<class spdlog::formatter,struct std::default_delete<class spdlog::formatter> > __cdecl spdlog::pattern_formatter::clone(void)const " (?clone@pattern_formatter@spdlog@@UEBA?AV?$unique_ptr@Vformatter@spdlog@@U?$default_delete@Vformatter@spdlog@@@std@@@std@@XZ) already defined in spdlog.lib(spdlog.obj); second definition ignored
Log.obj : warning LNK4006: "public: __cdecl spdlog::pattern_formatter::pattern_formatter(enum spdlog::pattern_time_type,class std::basic_string<char,struct std::char_traits<char>,class std::allocator<char> >)" (??0pattern_formatter@spdlog@@QEAA@W4pattern_time_type@1@V?$basic_string@DU?$char_traits@D@std@@V?$allocator@D@2@@std@@@Z) already defined in spdlog.lib(spdlog.obj); second definition ignored
Log.obj : warning LNK4006: "public: __cdecl spdlog::pattern_formatter::pattern_formatter(class std::basic_string<char,struct std::char_traits<char>,class std::allocator<char> >,enum spdlog::pattern_time_type,class std::basic_string<char,struct std::char_traits<char>,class std::allocator<char> >)" (??0pattern_formatter@spdlog@@QEAA@V?$basic_string@DU?$char_traits@D@std@@V?$allocator@D@2@@std@@W4pattern_time_type@1@0@Z) already defined in spdlog.lib(spdlog.obj); second definition ignored
Log.obj : warning LNK4006: "public: bool __cdecl spdlog::sinks::sink::should_log(enum spdlog::level::level_enum)const " (?should_log@sink@sinks@spdlog@@QEBA_NW4level_enum@level@3@@Z) already defined in spdlog.lib(spdlog.obj); second definition ignored
Log.obj : warning LNK4006: "public: __cdecl spdlog::details::log_msg::log_msg(struct spdlog::source_loc,class fmt::v5::basic_string_view<char>,enum spdlog::level::level_enum,class fmt::v5::basic_string_view<char>)" (??0log_msg@details@spdlog@@QEAA@Usource_loc@2@V?$basic_string_view@D@v5@fmt@@W4level_enum@level@2@1@Z) already defined in spdlog.lib(spdlog.obj); second definition ignored
Log.obj : warning LNK4006: "int __cdecl spdlog::details::os::pid(void)" (?pid@os@details@spdlog@@YAHXZ) already defined in spdlog.lib(spdlog.obj); second definition ignored
Log.obj : warning LNK4006: "unsigned __int64 __cdecl spdlog::details::os::thread_id(void)" (?thread_id@os@details@spdlog@@YA_KXZ) already defined in spdlog.lib(spdlog.obj); second definition ignored
Log.obj : warning LNK4006: "unsigned __int64 __cdecl spdlog::details::os::_thread_id(void)" (?_thread_id@os@details@spdlog@@YA_KXZ) already defined in spdlog.lib(spdlog.obj); second definition ignored
Log.obj : warning LNK4006: "int __cdecl spdlog::details::os::utc_minutes_offset(struct tm const &)" (?utc_minutes_offset@os@details@spdlog@@YAHAEBUtm@@@Z) already defined in spdlog.lib(spdlog.obj); second definition ignored
Log.obj : warning LNK4006: "struct tm __cdecl spdlog::details::os::gmtime(__int64 const &)" (?gmtime@os@details@spdlog@@YA?AUtm@@AEB_J@Z) already defined in spdlog.lib(spdlog.obj); second definition ignored
Log.obj : warning LNK4006: "struct tm __cdecl spdlog::details::os::localtime(void)" (?localtime@os@details@spdlog@@YA?AUtm@@XZ) already defined in spdlog.lib(spdlog.obj); second definition ignored
Log.obj : warning LNK4006: "struct tm __cdecl spdlog::details::os::localtime(__int64 const &)" (?localtime@os@details@spdlog@@YA?AUtm@@AEB_J@Z) already defined in spdlog.lib(spdlog.obj); second definition ignored
Log.obj : warning LNK4006: "class std::chrono::time_point<struct std::chrono::system_clock,class std::chrono::duration<__int64,struct std::ratio<1,10000000> > > __cdecl spdlog::details::os::now(void)" (?now@os@details@spdlog@@YA?AV?$time_point@Usystem_clock@chrono@std@@V?$duration@_JU?$ratio@$00$0JIJGIA@@std@@@23@@chrono@std@@XZ) already defined in spdlog.lib(spdlog.obj); second definition ignored
Log.obj : warning LNK4006: "public: __cdecl spdlog::details::periodic_worker::~periodic_worker(void)" (??1periodic_worker@details@spdlog@@QEAA@XZ) already defined in spdlog.lib(spdlog.obj); second definition ignored
Log.obj : warning LNK4006: "public: virtual char const * __cdecl spdlog::spdlog_ex::what(void)const " (?what@spdlog_ex@spdlog@@UEBAPEBDXZ) already defined in spdlog.lib(spdlog.obj); second definition ignored
Log.obj : warning LNK4006: "public: __cdecl spdlog::spdlog_ex::spdlog_ex(class std::basic_string<char,struct std::char_traits<char>,class std::allocator<char> > const &,int)" (??0spdlog_ex@spdlog@@QEAA@AEBV?$basic_string@DU?$char_traits@D@std@@V?$allocator@D@2@@std@@H@Z) already defined in spdlog.lib(spdlog.obj); second definition ignored
Log.obj : warning LNK4006: "public: __cdecl spdlog::spdlog_ex::spdlog_ex(class std::basic_string<char,struct std::char_traits<char>,class std::allocator<char> >)" (??0spdlog_ex@spdlog@@QEAA@V?$basic_string@DU?$char_traits@D@std@@V?$allocator@D@2@@std@@@Z) already defined in spdlog.lib(spdlog.obj); second definition ignored
Log.obj : warning LNK4006: "char const * __cdecl spdlog::level::to_short_c_str(enum spdlog::level::level_enum)" (?to_short_c_str@level@spdlog@@YAPEBDW4level_enum@12@@Z) already defined in spdlog.lib(spdlog.obj); second definition ignored
Log.obj : warning LNK4006: "class fmt::v5::basic_string_view<char> & __cdecl spdlog::level::to_string_view(enum spdlog::level::level_enum)" (?to_string_view@level@spdlog@@YAAEAV?$basic_string_view@D@v5@fmt@@W4level_enum@12@@Z) already defined in spdlog.lib(spdlog.obj); second definition ignored
Log.obj : warning LNK4006: "void __cdecl fmt::v5::vprint(struct _iobuf *,class fmt::v5::basic_string_view<char>,struct fmt::v5::format_args)" (?vprint@v5@fmt@@YAXPEAU_iobuf@@V?$basic_string_view@D@12@Uformat_args@12@@Z) already defined in spdlog.lib(spdlog.obj); second definition ignored
Log.obj : warning LNK4006: "public: void __cdecl fmt::v5::internal::error_handler::on_error(char const *)" (?on_error@error_handler@internal@v5@fmt@@QEAAXPEBD@Z) already defined in spdlog.lib(spdlog.obj); second definition ignored
Log.obj : warning LNK4006: "void __cdecl fmt::v5::format_system_error(class fmt::v5::internal::basic_buffer<char> &,int,class fmt::v5::basic_string_view<char>)" (?format_system_error@v5@fmt@@YAXAEAV?$basic_buffer@D@internal@12@HV?$basic_string_view@D@12@@Z) already defined in spdlog.lib(spdlog.obj); second definition ignored
  Engine.vcxproj -> C:\Users\Alex\Desktop\Neon\Binaries\EngineRelease\Engine.lib
